# JRE version: OpenJDK Runtime Environment (8.0_152-b02) (build 1.8.0_152-release-1024-b02)
# Java VM: OpenJDK 64-Bit Server VM (25.152-b02 mixed mode windows-amd64 compressed oops)
Heap:
 PSYoungGen      total 224256K, used 36795K [0x00000000e0000000, 0x00000000ef000000, 0x0000000100000000)
  eden space 202752K, 7% used [0x00000000e0000000,0x00000000e0ef15c8,0x00000000ec600000)
  from space 21504K, 99% used [0x00000000ec600000,0x00000000edafd898,0x00000000edb00000)
  to   space 17408K, 0% used [0x00000000edb00000,0x00000000edb00000,0x00000000eec00000)
 ParOldGen       total 84992K, used 49278K [0x00000000a0000000, 0x00000000a5300000, 0x00000000e0000000)
  object space 84992K, 57% used [0x00000000a0000000,0x00000000a301f960,0x00000000a5300000)
 Metaspace       used 75493K, capacity 78546K, committed 78808K, reserved 1118208K
  class space    used 9735K, capacity 10374K, committed 10496K, reserved 1048576K
GC Heap History (10 events):
Event: 51.178 GC heap before
{Heap before GC invocations=14 (full 2):
 PSYoungGen      total 154624K, used 94669K [0x00000000e0000000, 0x00000000ed180000, 0x0000000100000000)
  eden space 140800K, 57% used [0x00000000e0000000,0x00000000e4efab20,0x00000000e8980000)
  from space 13824K, 99% used [0x00000000e8980000,0x00000000e96f8c48,0x00000000e9700000)
  to   space 18944K, 0% used [0x00000000ebf00000,0x00000000ebf00000,0x00000000ed180000)
 ParOldGen       total 56832K, used 30248K [0x00000000a0000000, 0x00000000a3780000, 0x00000000e0000000)
  object space 56832K, 53% used [0x00000000a0000000,0x00000000a1d8a2b8,0x00000000a3780000)
 Metaspace       used 57256K, capacity 58972K, committed 59028K, reserved 1099776K
  class space    used 7733K, capacity 8147K, committed 8192K, reserved 1048576K
Event: 51.196 GC heap after
Heap after GC invocations=14 (full 2):
 PSYoungGen      total 183296K, used 3705K [0x00000000e0000000, 0x00000000ecb00000, 0x0000000100000000)
  eden space 171008K, 0% used [0x00000000e0000000,0x00000000e0000000,0x00000000ea700000)
  from space 12288K, 30% used [0x00000000ebf00000,0x00000000ec29e440,0x00000000ecb00000)
  to   space 18432K, 0% used [0x00000000ea700000,0x00000000ea700000,0x00000000eb900000)
 ParOldGen       total 56832K, used 37568K [0x00000000a0000000, 0x00000000a3780000, 0x00000000e0000000)
  object space 56832K, 66% used [0x00000000a0000000,0x00000000a24b0010,0x00000000a3780000)
 Metaspace       used 57256K, capacity 58972K, committed 59028K, reserved 1099776K
  class space    used 7733K, capacity 8147K, committed 8192K, reserved 1048576K
}
Event: 51.196 GC heap before
{Heap before GC invocations=15 (full 3):
 PSYoungGen      total 183296K, used 3705K [0x00000000e0000000, 0x00000000ecb00000, 0x0000000100000000)
  eden space 171008K, 0% used [0x00000000e0000000,0x00000000e0000000,0x00000000ea700000)
  from space 12288K, 30% used [0x00000000ebf00000,0x00000000ec29e440,0x00000000ecb00000)
  to   space 18432K, 0% used [0x00000000ea700000,0x00000000ea700000,0x00000000eb900000)
 ParOldGen       total 56832K, used 37568K [0x00000000a0000000, 0x00000000a3780000, 0x00000000e0000000)
  object space 56832K, 66% used [0x00000000a0000000,0x00000000a24b0010,0x00000000a3780000)
 Metaspace       used 57256K, capacity 58972K, committed 59028K, reserved 1099776K
  class space    used 7733K, capacity 8147K, committed 8192K, reserved 1048576K
Event: 51.513 GC heap after
Heap after GC invocations=15 (full 3):
 PSYoungGen      total 183296K, used 0K [0x00000000e0000000, 0x00000000ecb00000, 0x0000000100000000)
  eden space 171008K, 0% used [0x00000000e0000000,0x00000000e0000000,0x00000000ea700000)
  from space 12288K, 0% used [0x00000000ebf00000,0x00000000ebf00000,0x00000000ecb00000)
  to   space 18432K, 0% used [0x00000000ea700000,0x00000000ea700000,0x00000000eb900000)
 ParOldGen       total 84992K, used 32012K [0x00000000a0000000, 0x00000000a5300000, 0x00000000e0000000)
  object space 84992K, 37% used [0x00000000a0000000,0x00000000a1f432f8,0x00000000a5300000)
 Metaspace       used 57256K, capacity 58972K, committed 59028K, reserved 1099776K
  class space    used 7733K, capacity 8147K, committed 8192K, reserved 1048576K
}
Event: 977.898 GC heap before
{Heap before GC invocations=16 (full 3):
 PSYoungGen      total 183296K, used 171008K [0x00000000e0000000, 0x00000000ecb00000, 0x0000000100000000)
  eden space 171008K, 100% used [0x00000000e0000000,0x00000000ea700000,0x00000000ea700000)
  from space 12288K, 0% used [0x00000000ebf00000,0x00000000ebf00000,0x00000000ecb00000)
  to   space 18432K, 0% used [0x00000000ea700000,0x00000000ea700000,0x00000000eb900000)
 ParOldGen       total 84992K, used 32012K [0x00000000a0000000, 0x00000000a5300000, 0x00000000e0000000)
  object space 84992K, 37% used [0x00000000a0000000,0x00000000a1f432f8,0x00000000a5300000)
 Metaspace       used 60212K, capacity 62322K, committed 62424K, reserved 1103872K
  class space    used 7918K, capacity 8374K, committed 8448K, reserved 1048576K
Event: 977.917 GC heap after
Heap after GC invocations=16 (full 3):
 PSYoungGen      total 189440K, used 7927K [0x00000000e0000000, 0x00000000eec00000, 0x0000000100000000)
  eden space 171008K, 0% used [0x00000000e0000000,0x00000000e0000000,0x00000000ea700000)
  from space 18432K, 43% used [0x00000000ea700000,0x00000000eaebde00,0x00000000eb900000)
  to   space 17408K, 0% used [0x00000000edb00000,0x00000000edb00000,0x00000000eec00000)
 ParOldGen       total 84992K, used 32020K [0x00000000a0000000, 0x00000000a5300000, 0x00000000e0000000)
  object space 84992K, 37% used [0x00000000a0000000,0x00000000a1f452f8,0x00000000a5300000)
 Metaspace       used 60212K, capacity 62322K, committed 62424K, reserved 1103872K
  class space    used 7918K, capacity 8374K, committed 8448K, reserved 1048576K
}
Event: 989.730 GC heap before
{Heap before GC invocations=17 (full 3):
 PSYoungGen      total 189440K, used 178935K [0x00000000e0000000, 0x00000000eec00000, 0x0000000100000000)
  eden space 171008K, 100% used [0x00000000e0000000,0x00000000ea700000,0x00000000ea700000)
  from space 18432K, 43% used [0x00000000ea700000,0x00000000eaebde00,0x00000000eb900000)
  to   space 17408K, 0% used [0x00000000edb00000,0x00000000edb00000,0x00000000eec00000)
 ParOldGen       total 84992K, used 32020K [0x00000000a0000000, 0x00000000a5300000, 0x00000000e0000000)
  object space 84992K, 37% used [0x00000000a0000000,0x00000000a1f452f8,0x00000000a5300000)
 Metaspace       used 73506K, capacity 76170K, committed 76504K, reserved 1116160K
  class space    used 9540K, capacity 10134K, committed 10240K, reserved 1048576K
Event: 989.772 GC heap after
Heap after GC invocations=17 (full 3):
 PSYoungGen      total 220160K, used 17379K [0x00000000e0000000, 0x00000000ef000000, 0x0000000100000000)
  eden space 202752K, 0% used [0x00000000e0000000,0x00000000e0000000,0x00000000ec600000)
  from space 17408K, 99% used [0x00000000edb00000,0x00000000eebf8c88,0x00000000eec00000)
  to   space 21504K, 0% used [0x00000000ec600000,0x00000000ec600000,0x00000000edb00000)
 ParOldGen       total 84992K, used 35849K [0x00000000a0000000, 0x00000000a5300000, 0x00000000e0000000)
  object space 84992K, 42% used [0x00000000a0000000,0x00000000a23024d8,0x00000000a5300000)
 Metaspace       used 73506K, capacity 76170K, committed 76504K, reserved 1116160K
  class space    used 9540K, capacity 10134K, committed 10240K, reserved 1048576K
}
Event: 996.691 GC heap before
{Heap before GC invocations=18 (full 3):
 PSYoungGen      total 220160K, used 220131K [0x00000000e0000000, 0x00000000ef000000, 0x0000000100000000)
  eden space 202752K, 100% used [0x00000000e0000000,0x00000000ec600000,0x00000000ec600000)
  from space 17408K, 99% used [0x00000000edb00000,0x00000000eebf8c88,0x00000000eec00000)
  to   space 21504K, 0% used [0x00000000ec600000,0x00000000ec600000,0x00000000edb00000)
 ParOldGen       total 84992K, used 35849K [0x00000000a0000000, 0x00000000a5300000, 0x00000000e0000000)
  object space 84992K, 42% used [0x00000000a0000000,0x00000000a23024d8,0x00000000a5300000)
 Metaspace       used 75486K, capacity 78546K, committed 78808K, reserved 1118208K
  class space    used 9735K, capacity 10374K, committed 10496K, reserved 1048576K
Event: 996.824 GC heap after
Heap after GC invocations=18 (full 3):
 PSYoungGen      total 224256K, used 21494K [0x00000000e0000000, 0x00000000ef000000, 0x0000000100000000)
  eden space 202752K, 0% used [0x00000000e0000000,0x00000000e0000000,0x00000000ec600000)
  from space 21504K, 99% used [0x00000000ec600000,0x00000000edafd898,0x00000000edb00000)
  to   space 17408K, 0% used [0x00000000edb00000,0x00000000edb00000,0x00000000eec00000)
 ParOldGen       total 84992K, used 49278K [0x00000000a0000000, 0x00000000a5300000, 0x00000000e0000000)
  object space 84992K, 57% used [0x00000000a0000000,0x00000000a301f960,0x00000000a5300000)
 Metaspace       used 75486K, capacity 78546K, committed 78808K, reserved 1118208K
  class space    used 9735K, capacity 10374K, committed 10496K, reserved 1048576K
}

