# JRE version: OpenJDK Runtime Environment (8.0_152-b02) (build 1.8.0_152-release-1024-b02)
# Java VM: OpenJDK 64-Bit Server VM (25.152-b02 mixed mode windows-amd64 compressed oops)
Heap:
 PSYoungGen      total 223744K, used 108927K [0x00000000e0000000, 0x00000000f0f00000, 0x0000000100000000)
  eden space 206336K, 48% used [0x00000000e0000000,0x00000000e6262930,0x00000000ec980000)
  from space 17408K, 46% used [0x00000000ec980000,0x00000000ed17d3a0,0x00000000eda80000)
  to   space 16384K, 0% used [0x00000000eff00000,0x00000000eff00000,0x00000000f0f00000)
 ParOldGen       total 84992K, used 49229K [0x00000000a0000000, 0x00000000a5300000, 0x00000000e0000000)
  object space 84992K, 57% used [0x00000000a0000000,0x00000000a30134c8,0x00000000a5300000)
 Metaspace       used 75662K, capacity 78770K, committed 78936K, reserved 1118208K
  class space    used 9922K, capacity 10560K, committed 10624K, reserved 1048576K
GC Heap History (10 events):
Event: 42.129 GC heap before
{Heap before GC invocations=14 (full 2):
 PSYoungGen      total 147456K, used 105041K [0x00000000e0000000, 0x00000000ec880000, 0x0000000100000000)
  eden space 133632K, 68% used [0x00000000e0000000,0x00000000e5969188,0x00000000e8280000)
  from space 13824K, 97% used [0x00000000e8280000,0x00000000e8fab318,0x00000000e9000000)
  to   space 15872K, 0% used [0x00000000eb900000,0x00000000eb900000,0x00000000ec880000)
 ParOldGen       total 56320K, used 30029K [0x00000000a0000000, 0x00000000a3700000, 0x00000000e0000000)
  object space 56320K, 53% used [0x00000000a0000000,0x00000000a1d53640,0x00000000a3700000)
 Metaspace       used 57145K, capacity 58898K, committed 59028K, reserved 1099776K
  class space    used 7764K, capacity 8186K, committed 8192K, reserved 1048576K
Event: 42.144 GC heap after
Heap after GC invocations=14 (full 2):
 PSYoungGen      total 177152K, used 5981K [0x00000000e0000000, 0x00000000ec180000, 0x0000000100000000)
  eden space 168448K, 0% used [0x00000000e0000000,0x00000000e0000000,0x00000000ea480000)
  from space 8704K, 68% used [0x00000000eb900000,0x00000000ebed7690,0x00000000ec180000)
  to   space 14848K, 0% used [0x00000000ea480000,0x00000000ea480000,0x00000000eb300000)
 ParOldGen       total 56320K, used 37200K [0x00000000a0000000, 0x00000000a3700000, 0x00000000e0000000)
  object space 56320K, 66% used [0x00000000a0000000,0x00000000a2454058,0x00000000a3700000)
 Metaspace       used 57145K, capacity 58898K, committed 59028K, reserved 1099776K
  class space    used 7764K, capacity 8186K, committed 8192K, reserved 1048576K
}
Event: 42.144 GC heap before
{Heap before GC invocations=15 (full 3):
 PSYoungGen      total 177152K, used 5981K [0x00000000e0000000, 0x00000000ec180000, 0x0000000100000000)
  eden space 168448K, 0% used [0x00000000e0000000,0x00000000e0000000,0x00000000ea480000)
  from space 8704K, 68% used [0x00000000eb900000,0x00000000ebed7690,0x00000000ec180000)
  to   space 14848K, 0% used [0x00000000ea480000,0x00000000ea480000,0x00000000eb300000)
 ParOldGen       total 56320K, used 37200K [0x00000000a0000000, 0x00000000a3700000, 0x00000000e0000000)
  object space 56320K, 66% used [0x00000000a0000000,0x00000000a2454058,0x00000000a3700000)
 Metaspace       used 57145K, capacity 58898K, committed 59028K, reserved 1099776K
  class space    used 7764K, capacity 8186K, committed 8192K, reserved 1048576K
Event: 42.319 GC heap after
Heap after GC invocations=15 (full 3):
 PSYoungGen      total 177152K, used 0K [0x00000000e0000000, 0x00000000ec180000, 0x0000000100000000)
  eden space 168448K, 0% used [0x00000000e0000000,0x00000000e0000000,0x00000000ea480000)
  from space 8704K, 0% used [0x00000000eb900000,0x00000000eb900000,0x00000000ec180000)
  to   space 14848K, 0% used [0x00000000ea480000,0x00000000ea480000,0x00000000eb300000)
 ParOldGen       total 84992K, used 34232K [0x00000000a0000000, 0x00000000a5300000, 0x00000000e0000000)
  object space 84992K, 40% used [0x00000000a0000000,0x00000000a216e1c8,0x00000000a5300000)
 Metaspace       used 57145K, capacity 58898K, committed 59028K, reserved 1099776K
  class space    used 7764K, capacity 8186K, committed 8192K, reserved 1048576K
}
Event: 48.257 GC heap before
{Heap before GC invocations=16 (full 3):
 PSYoungGen      total 177152K, used 168448K [0x00000000e0000000, 0x00000000ec180000, 0x0000000100000000)
  eden space 168448K, 100% used [0x00000000e0000000,0x00000000ea480000,0x00000000ea480000)
  from space 8704K, 0% used [0x00000000eb900000,0x00000000eb900000,0x00000000ec180000)
  to   space 14848K, 0% used [0x00000000ea480000,0x00000000ea480000,0x00000000eb300000)
 ParOldGen       total 84992K, used 34232K [0x00000000a0000000, 0x00000000a5300000, 0x00000000e0000000)
  object space 84992K, 40% used [0x00000000a0000000,0x00000000a216e1c8,0x00000000a5300000)
 Metaspace       used 68696K, capacity 71152K, committed 71384K, reserved 1112064K
  class space    used 9187K, capacity 9715K, committed 9728K, reserved 1048576K
Event: 48.275 GC heap after
Heap after GC invocations=16 (full 3):
 PSYoungGen      total 183296K, used 14832K [0x00000000e0000000, 0x00000000ef400000, 0x0000000100000000)
  eden space 168448K, 0% used [0x00000000e0000000,0x00000000e0000000,0x00000000ea480000)
  from space 14848K, 99% used [0x00000000ea480000,0x00000000eb2fc390,0x00000000eb300000)
  to   space 18432K, 0% used [0x00000000ee200000,0x00000000ee200000,0x00000000ef400000)
 ParOldGen       total 84992K, used 37388K [0x00000000a0000000, 0x00000000a5300000, 0x00000000e0000000)
  object space 84992K, 43% used [0x00000000a0000000,0x00000000a24833d8,0x00000000a5300000)
 Metaspace       used 68696K, capacity 71152K, committed 71384K, reserved 1112064K
  class space    used 9187K, capacity 9715K, committed 9728K, reserved 1048576K
}
Event: 279.021 GC heap before
{Heap before GC invocations=17 (full 3):
 PSYoungGen      total 183296K, used 183280K [0x00000000e0000000, 0x00000000ef400000, 0x0000000100000000)
  eden space 168448K, 100% used [0x00000000e0000000,0x00000000ea480000,0x00000000ea480000)
  from space 14848K, 99% used [0x00000000ea480000,0x00000000eb2fc390,0x00000000eb300000)
  to   space 18432K, 0% used [0x00000000ee200000,0x00000000ee200000,0x00000000ef400000)
 ParOldGen       total 84992K, used 37388K [0x00000000a0000000, 0x00000000a5300000, 0x00000000e0000000)
  object space 84992K, 43% used [0x00000000a0000000,0x00000000a24833d8,0x00000000a5300000)
 Metaspace       used 74440K, capacity 77278K, committed 77528K, reserved 1116160K
  class space    used 9867K, capacity 10474K, committed 10496K, reserved 1048576K
Event: 279.068 GC heap after
Heap after GC invocations=17 (full 3):
 PSYoungGen      total 216064K, used 8698K [0x00000000e0000000, 0x00000000eeb80000, 0x0000000100000000)
  eden space 206336K, 0% used [0x00000000e0000000,0x00000000e0000000,0x00000000ec980000)
  from space 9728K, 89% used [0x00000000ee200000,0x00000000eea7ebd0,0x00000000eeb80000)
  to   space 17408K, 0% used [0x00000000ec980000,0x00000000ec980000,0x00000000eda80000)
 ParOldGen       total 84992K, used 49221K [0x00000000a0000000, 0x00000000a5300000, 0x00000000e0000000)
  object space 84992K, 57% used [0x00000000a0000000,0x00000000a30114c8,0x00000000a5300000)
 Metaspace       used 74440K, capacity 77278K, committed 77528K, reserved 1116160K
  class space    used 9867K, capacity 10474K, committed 10496K, reserved 1048576K
}
Event: 455.083 GC heap before
{Heap before GC invocations=18 (full 3):
 PSYoungGen      total 216064K, used 215034K [0x00000000e0000000, 0x00000000eeb80000, 0x0000000100000000)
  eden space 206336K, 100% used [0x00000000e0000000,0x00000000ec980000,0x00000000ec980000)
  from space 9728K, 89% used [0x00000000ee200000,0x00000000eea7ebd0,0x00000000eeb80000)
  to   space 17408K, 0% used [0x00000000ec980000,0x00000000ec980000,0x00000000eda80000)
 ParOldGen       total 84992K, used 49221K [0x00000000a0000000, 0x00000000a5300000, 0x00000000e0000000)
  object space 84992K, 57% used [0x00000000a0000000,0x00000000a30114c8,0x00000000a5300000)
 Metaspace       used 75227K, capacity 78198K, committed 78424K, reserved 1118208K
  class space    used 9905K, capacity 10530K, committed 10624K, reserved 1048576K
Event: 455.095 GC heap after
Heap after GC invocations=18 (full 3):
 PSYoungGen      total 223744K, used 8180K [0x00000000e0000000, 0x00000000f0f00000, 0x0000000100000000)
  eden space 206336K, 0% used [0x00000000e0000000,0x00000000e0000000,0x00000000ec980000)
  from space 17408K, 46% used [0x00000000ec980000,0x00000000ed17d3a0,0x00000000eda80000)
  to   space 16384K, 0% used [0x00000000eff00000,0x00000000eff00000,0x00000000f0f00000)
 ParOldGen       total 84992K, used 49229K [0x00000000a0000000, 0x00000000a5300000, 0x00000000e0000000)
  object space 84992K, 57% used [0x00000000a0000000,0x00000000a30134c8,0x00000000a5300000)
 Metaspace       used 75227K, capacity 78198K, committed 78424K, reserved 1118208K
  class space    used 9905K, capacity 10530K, committed 10624K, reserved 1048576K
}

